2025-08-08 05:09:17,928 - INFO - 計算候選事件數量，參數: {'zscore_threshold': 2.5, 'time_window_hours': 24, 'min_duration_minutes': 30, 'power_threshold_multiplier': 1.5, 'night_hour_start': 23, 'night_hour_end': 6}
2025-08-08 05:09:17,928 - INFO - 載入原始電表數據...
2025-08-08 05:09:17,928 - ERROR - 計算候選事件失敗: asyncio.run() cannot be called from a running event loop
2025-08-08 05:10:10,220 - INFO - 計算候選事件數量，參數: {'zscore_threshold': 2.5, 'time_window_hours': 24, 'min_duration_minutes': 30, 'power_threshold_multiplier': 1.5, 'night_hour_start': 23, 'night_hour_end': 6}
2025-08-08 05:10:10,220 - INFO - 載入原始電表數據...
2025-08-08 05:10:10,220 - INFO - 生成模擬電表數據...
2025-08-08 05:10:10,277 - INFO - 生成了 2160 筆模擬數據
2025-08-08 05:10:10,289 - INFO - 預估候選事件數量: 61
2025-08-08 05:10:15,830 - INFO - 開始生成候選事件，組織ID: test_org
2025-08-08 05:10:15,831 - INFO - 開始異常檢測，使用參數: {'zscore_threshold': 2.5, 'time_window_hours': 24, 'min_duration_minutes': 30, 'power_threshold_multiplier': 1.5, 'night_hour_start': 23, 'night_hour_end': 6, 'weekend_factor': 1.5, 'moving_average_window': 12}
2025-08-08 05:10:15,832 - INFO - 檢測設備 METER001，數據點: 720
2025-08-08 05:10:15,886 - INFO - 設備 METER001 檢測到 158 個候選事件
2025-08-08 05:10:15,887 - INFO - 檢測設備 METER002，數據點: 720
2025-08-08 05:10:15,941 - INFO - 設備 METER002 檢測到 158 個候選事件
2025-08-08 05:10:15,942 - INFO - 檢測設備 METER003，數據點: 720
2025-08-08 05:10:15,991 - INFO - 設備 METER003 檢測到 168 個候選事件
2025-08-08 05:10:16,028 - INFO - 總共檢測到 312 個唯一候選事件
2025-08-08 05:10:16,030 - WARNING - 儲存事件失敗: 'AnomalyService' object has no attribute 'create_event'
2025-08-08 05:10:16,032 - WARNING - 儲存事件失敗: 'AnomalyService' object has no attribute 'create_event'
2025-08-08 05:10:16,033 - WARNING - 儲存事件失敗: 'AnomalyService' object has no attribute 'create_event'
2025-08-08 05:10:16,034 - WARNING - 儲存事件失敗: 'AnomalyService' object has no attribute 'create_event'
2025-08-08 05:10:16,036 - WARNING - 儲存事件失敗: 'AnomalyService' object has no attribute 'create_event'
2025-08-08 05:10:16,037 - WARNING - 儲存事件失敗: 'AnomalyService' object has no attribute 'create_event'
2025-08-08 05:10:16,039 - WARNING - 儲存事件失敗: 'AnomalyService' object has no attribute 'create_event'
2025-08-08 05:10:16,041 - WARNING - 儲存事件失敗: 'AnomalyService' object has no attribute 'create_event'
2025-08-08 05:10:16,043 - WARNING - 儲存事件失敗: 'AnomalyService' object has no attribute 'create_event'
2025-08-08 05:10:16,045 - WARNING - 儲存事件失敗: 'AnomalyService' object has no attribute 'create_event'
2025-08-08 05:10:16,046 - WARNING - 儲存事件失敗: 'AnomalyService' object has no attribute 'create_event'
2025-08-08 05:10:16,047 - WARNING - 儲存事件失敗: 'AnomalyService' object has no attribute 'create_event'
2025-08-08 05:10:16,049 - WARNING - 儲存事件失敗: 'AnomalyService' object has no attribute 'create_event'
2025-08-08 05:10:16,050 - WARNING - 儲存事件失敗: 'AnomalyService' object has no attribute 'create_event'
2025-08-08 05:10:16,051 - WARNING - 儲存事件失敗: 'AnomalyService' object has no attribute 'create_event'
2025-08-08 05:10:16,053 - WARNING - 儲存事件失敗: 'AnomalyService' object has no attribute 'create_event'
2025-08-08 05:10:16,054 - WARNING - 儲存事件失敗: 'AnomalyService' object has no attribute 'create_event'
2025-08-08 05:10:16,055 - WARNING - 儲存事件失敗: 'AnomalyService' object has no attribute 'create_event'
2025-08-08 05:10:16,057 - WARNING - 儲存事件失敗: 'AnomalyService' object has no attribute 'create_event'
2025-08-08 05:10:16,059 - WARNING - 儲存事件失敗: 'AnomalyService' object has no attribute 'create_event'
2025-08-08 05:10:16,060 - WARNING - 儲存事件失敗: 'AnomalyService' object has no attribute 'create_event'
2025-08-08 05:10:16,061 - WARNING - 儲存事件失敗: 'AnomalyService' object has no attribute 'create_event'
2025-08-08 05:10:16,062 - WARNING - 儲存事件失敗: 'AnomalyService' object has no attribute 'create_event'
2025-08-08 05:10:16,064 - WARNING - 儲存事件失敗: 'AnomalyService' object has no attribute 'create_event'
2025-08-08 05:10:16,066 - WARNING - 儲存事件失敗: 'AnomalyService' object has no attribute 'create_event'
2025-08-08 05:10:16,067 - WARNING - 儲存事件失敗: 'AnomalyService' object has no attribute 'create_event'
2025-08-08 05:10:16,068 - WARNING - 儲存事件失敗: 'AnomalyService' object has no attribute 'create_event'
2025-08-08 05:10:16,070 - WARNING - 儲存事件失敗: 'AnomalyService' object has no attribute 'create_event'
2025-08-08 05:10:16,071 - WARNING - 儲存事件失敗: 'AnomalyService' object has no attribute 'create_event'
2025-08-08 05:10:16,073 - WARNING - 儲存事件失敗: 'AnomalyService' object has no attribute 'create_event'
2025-08-08 05:10:16,075 - WARNING - 儲存事件失敗: 'AnomalyService' object has no attribute 'create_event'
2025-08-08 05:10:16,077 - WARNING - 儲存事件失敗: 'AnomalyService' object has no attribute 'create_event'
2025-08-08 05:10:16,078 - WARNING - 儲存事件失敗: 'AnomalyService' object has no attribute 'create_event'
2025-08-08 05:10:16,080 - WARNING - 儲存事件失敗: 'AnomalyService' object has no attribute 'create_event'
2025-08-08 05:10:16,082 - WARNING - 儲存事件失敗: 'AnomalyService' object has no attribute 'create_event'
2025-08-08 05:10:16,083 - WARNING - 儲存事件失敗: 'AnomalyService' object has no attribute 'create_event'
2025-08-08 05:10:16,085 - WARNING - 儲存事件失敗: 'AnomalyService' object has no attribute 'create_event'
2025-08-08 05:10:16,086 - WARNING - 儲存事件失敗: 'AnomalyService' object has no attribute 'create_event'
2025-08-08 05:10:16,087 - WARNING - 儲存事件失敗: 'AnomalyService' object has no attribute 'create_event'
2025-08-08 05:10:16,089 - WARNING - 儲存事件失敗: 'AnomalyService' object has no attribute 'create_event'
2025-08-08 05:10:16,091 - WARNING - 儲存事件失敗: 'AnomalyService' object has no attribute 'create_event'
2025-08-08 05:10:16,092 - WARNING - 儲存事件失敗: 'AnomalyService' object has no attribute 'create_event'
2025-08-08 05:10:16,094 - WARNING - 儲存事件失敗: 'AnomalyService' object has no attribute 'create_event'
2025-08-08 05:10:16,095 - WARNING - 儲存事件失敗: 'AnomalyService' object has no attribute 'create_event'
2025-08-08 05:10:16,096 - WARNING - 儲存事件失敗: 'AnomalyService' object has no attribute 'create_event'
2025-08-08 05:10:16,098 - WARNING - 儲存事件失敗: 'AnomalyService' object has no attribute 'create_event'
2025-08-08 05:10:16,100 - WARNING - 儲存事件失敗: 'AnomalyService' object has no attribute 'create_event'
2025-08-08 05:10:16,101 - WARNING - 儲存事件失敗: 'AnomalyService' object has no attribute 'create_event'
2025-08-08 05:10:16,103 - WARNING - 儲存事件失敗: 'AnomalyService' object has no attribute 'create_event'
2025-08-08 05:10:16,104 - WARNING - 儲存事件失敗: 'AnomalyService' object has no attribute 'create_event'
2025-08-08 05:10:16,106 - WARNING - 儲存事件失敗: 'AnomalyService' object has no attribute 'create_event'
2025-08-08 05:10:16,107 - WARNING - 儲存事件失敗: 'AnomalyService' object has no attribute 'create_event'
2025-08-08 05:10:16,109 - WARNING - 儲存事件失敗: 'AnomalyService' object has no attribute 'create_event'
2025-08-08 05:10:16,110 - WARNING - 儲存事件失敗: 'AnomalyService' object has no attribute 'create_event'
2025-08-08 05:10:16,111 - WARNING - 儲存事件失敗: 'AnomalyService' object has no attribute 'create_event'
2025-08-08 05:10:16,113 - WARNING - 儲存事件失敗: 'AnomalyService' object has no attribute 'create_event'
2025-08-08 05:10:16,114 - WARNING - 儲存事件失敗: 'AnomalyService' object has no attribute 'create_event'
2025-08-08 05:10:16,116 - WARNING - 儲存事件失敗: 'AnomalyService' object has no attribute 'create_event'
2025-08-08 05:10:16,118 - WARNING - 儲存事件失敗: 'AnomalyService' object has no attribute 'create_event'
2025-08-08 05:10:16,119 - WARNING - 儲存事件失敗: 'AnomalyService' object has no attribute 'create_event'
2025-08-08 05:10:16,120 - WARNING - 儲存事件失敗: 'AnomalyService' object has no attribute 'create_event'
2025-08-08 05:10:16,122 - WARNING - 儲存事件失敗: 'AnomalyService' object has no attribute 'create_event'
2025-08-08 05:10:16,123 - WARNING - 儲存事件失敗: 'AnomalyService' object has no attribute 'create_event'
2025-08-08 05:10:16,125 - WARNING - 儲存事件失敗: 'AnomalyService' object has no attribute 'create_event'
2025-08-08 05:10:16,126 - WARNING - 儲存事件失敗: 'AnomalyService' object has no attribute 'create_event'
2025-08-08 05:10:16,128 - WARNING - 儲存事件失敗: 'AnomalyService' object has no attribute 'create_event'
2025-08-08 05:10:16,129 - WARNING - 儲存事件失敗: 'AnomalyService' object has no attribute 'create_event'
2025-08-08 05:10:16,131 - WARNING - 儲存事件失敗: 'AnomalyService' object has no attribute 'create_event'
2025-08-08 05:10:16,133 - WARNING - 儲存事件失敗: 'AnomalyService' object has no attribute 'create_event'
2025-08-08 05:10:16,134 - WARNING - 儲存事件失敗: 'AnomalyService' object has no attribute 'create_event'
2025-08-08 05:10:16,136 - WARNING - 儲存事件失敗: 'AnomalyService' object has no attribute 'create_event'
2025-08-08 05:10:16,137 - WARNING - 儲存事件失敗: 'AnomalyService' object has no attribute 'create_event'
2025-08-08 05:10:16,138 - WARNING - 儲存事件失敗: 'AnomalyService' object has no attribute 'create_event'
2025-08-08 05:10:16,140 - WARNING - 儲存事件失敗: 'AnomalyService' object has no attribute 'create_event'
2025-08-08 05:10:16,142 - WARNING - 儲存事件失敗: 'AnomalyService' object has no attribute 'create_event'
2025-08-08 05:10:16,144 - WARNING - 儲存事件失敗: 'AnomalyService' object has no attribute 'create_event'
2025-08-08 05:10:16,145 - WARNING - 儲存事件失敗: 'AnomalyService' object has no attribute 'create_event'
2025-08-08 05:10:16,146 - WARNING - 儲存事件失敗: 'AnomalyService' object has no attribute 'create_event'
2025-08-08 05:10:16,148 - WARNING - 儲存事件失敗: 'AnomalyService' object has no attribute 'create_event'
2025-08-08 05:10:16,150 - WARNING - 儲存事件失敗: 'AnomalyService' object has no attribute 'create_event'
2025-08-08 05:10:16,151 - WARNING - 儲存事件失敗: 'AnomalyService' object has no attribute 'create_event'
2025-08-08 05:10:16,153 - WARNING - 儲存事件失敗: 'AnomalyService' object has no attribute 'create_event'
2025-08-08 05:10:16,154 - WARNING - 儲存事件失敗: 'AnomalyService' object has no attribute 'create_event'
2025-08-08 05:10:16,156 - WARNING - 儲存事件失敗: 'AnomalyService' object has no attribute 'create_event'
2025-08-08 05:10:16,157 - WARNING - 儲存事件失敗: 'AnomalyService' object has no attribute 'create_event'
2025-08-08 05:10:16,159 - WARNING - 儲存事件失敗: 'AnomalyService' object has no attribute 'create_event'
2025-08-08 05:10:16,160 - WARNING - 儲存事件失敗: 'AnomalyService' object has no attribute 'create_event'
2025-08-08 05:10:16,162 - WARNING - 儲存事件失敗: 'AnomalyService' object has no attribute 'create_event'
2025-08-08 05:10:16,163 - WARNING - 儲存事件失敗: 'AnomalyService' object has no attribute 'create_event'
2025-08-08 05:10:16,165 - WARNING - 儲存事件失敗: 'AnomalyService' object has no attribute 'create_event'
2025-08-08 05:10:16,167 - WARNING - 儲存事件失敗: 'AnomalyService' object has no attribute 'create_event'
2025-08-08 05:10:16,168 - WARNING - 儲存事件失敗: 'AnomalyService' object has no attribute 'create_event'
2025-08-08 05:10:16,170 - WARNING - 儲存事件失敗: 'AnomalyService' object has no attribute 'create_event'
2025-08-08 05:10:16,171 - WARNING - 儲存事件失敗: 'AnomalyService' object has no attribute 'create_event'
2025-08-08 05:10:16,173 - WARNING - 儲存事件失敗: 'AnomalyService' object has no attribute 'create_event'
2025-08-08 05:10:16,175 - WARNING - 儲存事件失敗: 'AnomalyService' object has no attribute 'create_event'
2025-08-08 05:10:16,176 - WARNING - 儲存事件失敗: 'AnomalyService' object has no attribute 'create_event'
2025-08-08 05:10:16,178 - WARNING - 儲存事件失敗: 'AnomalyService' object has no attribute 'create_event'
2025-08-08 05:10:16,179 - WARNING - 儲存事件失敗: 'AnomalyService' object has no attribute 'create_event'
2025-08-08 05:10:16,180 - WARNING - 儲存事件失敗: 'AnomalyService' object has no attribute 'create_event'
2025-08-08 05:10:16,183 - WARNING - 儲存事件失敗: 'AnomalyService' object has no attribute 'create_event'
2025-08-08 05:10:16,184 - WARNING - 儲存事件失敗: 'AnomalyService' object has no attribute 'create_event'
2025-08-08 05:10:16,186 - WARNING - 儲存事件失敗: 'AnomalyService' object has no attribute 'create_event'
2025-08-08 05:10:16,187 - WARNING - 儲存事件失敗: 'AnomalyService' object has no attribute 'create_event'
2025-08-08 05:10:16,188 - WARNING - 儲存事件失敗: 'AnomalyService' object has no attribute 'create_event'
2025-08-08 05:10:16,190 - WARNING - 儲存事件失敗: 'AnomalyService' object has no attribute 'create_event'
2025-08-08 05:10:16,192 - WARNING - 儲存事件失敗: 'AnomalyService' object has no attribute 'create_event'
2025-08-08 05:10:16,193 - WARNING - 儲存事件失敗: 'AnomalyService' object has no attribute 'create_event'
2025-08-08 05:10:16,194 - WARNING - 儲存事件失敗: 'AnomalyService' object has no attribute 'create_event'
2025-08-08 05:10:16,196 - WARNING - 儲存事件失敗: 'AnomalyService' object has no attribute 'create_event'
2025-08-08 05:10:16,197 - WARNING - 儲存事件失敗: 'AnomalyService' object has no attribute 'create_event'
2025-08-08 05:10:16,199 - WARNING - 儲存事件失敗: 'AnomalyService' object has no attribute 'create_event'
2025-08-08 05:10:16,201 - WARNING - 儲存事件失敗: 'AnomalyService' object has no attribute 'create_event'
2025-08-08 05:10:16,202 - WARNING - 儲存事件失敗: 'AnomalyService' object has no attribute 'create_event'
2025-08-08 05:10:16,203 - WARNING - 儲存事件失敗: 'AnomalyService' object has no attribute 'create_event'
2025-08-08 05:10:16,205 - WARNING - 儲存事件失敗: 'AnomalyService' object has no attribute 'create_event'
2025-08-08 05:10:16,206 - WARNING - 儲存事件失敗: 'AnomalyService' object has no attribute 'create_event'
2025-08-08 05:10:16,208 - WARNING - 儲存事件失敗: 'AnomalyService' object has no attribute 'create_event'
2025-08-08 05:10:16,209 - WARNING - 儲存事件失敗: 'AnomalyService' object has no attribute 'create_event'
2025-08-08 05:10:16,211 - WARNING - 儲存事件失敗: 'AnomalyService' object has no attribute 'create_event'
2025-08-08 05:10:16,212 - WARNING - 儲存事件失敗: 'AnomalyService' object has no attribute 'create_event'
2025-08-08 05:10:16,214 - WARNING - 儲存事件失敗: 'AnomalyService' object has no attribute 'create_event'
2025-08-08 05:10:16,216 - WARNING - 儲存事件失敗: 'AnomalyService' object has no attribute 'create_event'
2025-08-08 05:10:16,217 - WARNING - 儲存事件失敗: 'AnomalyService' object has no attribute 'create_event'
2025-08-08 05:10:16,218 - WARNING - 儲存事件失敗: 'AnomalyService' object has no attribute 'create_event'
2025-08-08 05:10:16,220 - WARNING - 儲存事件失敗: 'AnomalyService' object has no attribute 'create_event'
2025-08-08 05:10:16,221 - WARNING - 儲存事件失敗: 'AnomalyService' object has no attribute 'create_event'
2025-08-08 05:10:16,223 - WARNING - 儲存事件失敗: 'AnomalyService' object has no attribute 'create_event'
2025-08-08 05:10:16,225 - WARNING - 儲存事件失敗: 'AnomalyService' object has no attribute 'create_event'
2025-08-08 05:10:16,226 - WARNING - 儲存事件失敗: 'AnomalyService' object has no attribute 'create_event'
2025-08-08 05:10:16,227 - WARNING - 儲存事件失敗: 'AnomalyService' object has no attribute 'create_event'
2025-08-08 05:10:16,229 - WARNING - 儲存事件失敗: 'AnomalyService' object has no attribute 'create_event'
2025-08-08 05:10:16,230 - WARNING - 儲存事件失敗: 'AnomalyService' object has no attribute 'create_event'
2025-08-08 05:10:16,232 - WARNING - 儲存事件失敗: 'AnomalyService' object has no attribute 'create_event'
2025-08-08 05:10:16,234 - WARNING - 儲存事件失敗: 'AnomalyService' object has no attribute 'create_event'
2025-08-08 05:10:16,235 - WARNING - 儲存事件失敗: 'AnomalyService' object has no attribute 'create_event'
2025-08-08 05:10:16,237 - WARNING - 儲存事件失敗: 'AnomalyService' object has no attribute 'create_event'
2025-08-08 05:10:16,238 - WARNING - 儲存事件失敗: 'AnomalyService' object has no attribute 'create_event'
2025-08-08 05:10:16,239 - WARNING - 儲存事件失敗: 'AnomalyService' object has no attribute 'create_event'
2025-08-08 05:10:16,241 - WARNING - 儲存事件失敗: 'AnomalyService' object has no attribute 'create_event'
2025-08-08 05:10:16,243 - WARNING - 儲存事件失敗: 'AnomalyService' object has no attribute 'create_event'
2025-08-08 05:10:16,244 - WARNING - 儲存事件失敗: 'AnomalyService' object has no attribute 'create_event'
2025-08-08 05:10:16,245 - WARNING - 儲存事件失敗: 'AnomalyService' object has no attribute 'create_event'
2025-08-08 05:10:16,247 - WARNING - 儲存事件失敗: 'AnomalyService' object has no attribute 'create_event'
2025-08-08 05:10:16,249 - WARNING - 儲存事件失敗: 'AnomalyService' object has no attribute 'create_event'
2025-08-08 05:10:16,250 - WARNING - 儲存事件失敗: 'AnomalyService' object has no attribute 'create_event'
2025-08-08 05:10:16,251 - WARNING - 儲存事件失敗: 'AnomalyService' object has no attribute 'create_event'
2025-08-08 05:10:16,253 - WARNING - 儲存事件失敗: 'AnomalyService' object has no attribute 'create_event'
2025-08-08 05:10:16,254 - WARNING - 儲存事件失敗: 'AnomalyService' object has no attribute 'create_event'
2025-08-08 05:10:16,256 - WARNING - 儲存事件失敗: 'AnomalyService' object has no attribute 'create_event'
2025-08-08 05:10:16,258 - WARNING - 儲存事件失敗: 'AnomalyService' object has no attribute 'create_event'
2025-08-08 05:10:16,259 - WARNING - 儲存事件失敗: 'AnomalyService' object has no attribute 'create_event'
2025-08-08 05:10:16,261 - WARNING - 儲存事件失敗: 'AnomalyService' object has no attribute 'create_event'
2025-08-08 05:10:16,262 - WARNING - 儲存事件失敗: 'AnomalyService' object has no attribute 'create_event'
2025-08-08 05:10:16,263 - WARNING - 儲存事件失敗: 'AnomalyService' object has no attribute 'create_event'
2025-08-08 05:10:16,265 - WARNING - 儲存事件失敗: 'AnomalyService' object has no attribute 'create_event'
2025-08-08 05:10:16,266 - WARNING - 儲存事件失敗: 'AnomalyService' object has no attribute 'create_event'
2025-08-08 05:10:16,268 - WARNING - 儲存事件失敗: 'AnomalyService' object has no attribute 'create_event'
2025-08-08 05:10:16,269 - WARNING - 儲存事件失敗: 'AnomalyService' object has no attribute 'create_event'
2025-08-08 05:10:16,271 - WARNING - 儲存事件失敗: 'AnomalyService' object has no attribute 'create_event'
2025-08-08 05:10:16,272 - WARNING - 儲存事件失敗: 'AnomalyService' object has no attribute 'create_event'
2025-08-08 05:10:16,274 - WARNING - 儲存事件失敗: 'AnomalyService' object has no attribute 'create_event'
2025-08-08 05:10:16,276 - WARNING - 儲存事件失敗: 'AnomalyService' object has no attribute 'create_event'
2025-08-08 05:10:16,277 - WARNING - 儲存事件失敗: 'AnomalyService' object has no attribute 'create_event'
2025-08-08 05:10:16,278 - WARNING - 儲存事件失敗: 'AnomalyService' object has no attribute 'create_event'
2025-08-08 05:10:16,280 - WARNING - 儲存事件失敗: 'AnomalyService' object has no attribute 'create_event'
2025-08-08 05:10:16,281 - WARNING - 儲存事件失敗: 'AnomalyService' object has no attribute 'create_event'
2025-08-08 05:10:16,283 - WARNING - 儲存事件失敗: 'AnomalyService' object has no attribute 'create_event'
2025-08-08 05:10:16,284 - WARNING - 儲存事件失敗: 'AnomalyService' object has no attribute 'create_event'
2025-08-08 05:10:16,286 - WARNING - 儲存事件失敗: 'AnomalyService' object has no attribute 'create_event'
2025-08-08 05:10:16,287 - WARNING - 儲存事件失敗: 'AnomalyService' object has no attribute 'create_event'
2025-08-08 05:10:16,288 - WARNING - 儲存事件失敗: 'AnomalyService' object has no attribute 'create_event'
2025-08-08 05:10:16,290 - WARNING - 儲存事件失敗: 'AnomalyService' object has no attribute 'create_event'
2025-08-08 05:10:16,292 - WARNING - 儲存事件失敗: 'AnomalyService' object has no attribute 'create_event'
2025-08-08 05:10:16,293 - WARNING - 儲存事件失敗: 'AnomalyService' object has no attribute 'create_event'
2025-08-08 05:10:16,295 - WARNING - 儲存事件失敗: 'AnomalyService' object has no attribute 'create_event'
2025-08-08 05:10:16,296 - WARNING - 儲存事件失敗: 'AnomalyService' object has no attribute 'create_event'
2025-08-08 05:10:16,297 - WARNING - 儲存事件失敗: 'AnomalyService' object has no attribute 'create_event'
2025-08-08 05:10:16,299 - WARNING - 儲存事件失敗: 'AnomalyService' object has no attribute 'create_event'
2025-08-08 05:10:16,300 - WARNING - 儲存事件失敗: 'AnomalyService' object has no attribute 'create_event'
2025-08-08 05:10:16,302 - WARNING - 儲存事件失敗: 'AnomalyService' object has no attribute 'create_event'
2025-08-08 05:10:16,304 - WARNING - 儲存事件失敗: 'AnomalyService' object has no attribute 'create_event'
2025-08-08 05:10:16,305 - WARNING - 儲存事件失敗: 'AnomalyService' object has no attribute 'create_event'
2025-08-08 05:10:16,307 - WARNING - 儲存事件失敗: 'AnomalyService' object has no attribute 'create_event'
2025-08-08 05:10:16,308 - WARNING - 儲存事件失敗: 'AnomalyService' object has no attribute 'create_event'
2025-08-08 05:10:16,310 - WARNING - 儲存事件失敗: 'AnomalyService' object has no attribute 'create_event'
2025-08-08 05:10:16,311 - WARNING - 儲存事件失敗: 'AnomalyService' object has no attribute 'create_event'
2025-08-08 05:10:16,313 - WARNING - 儲存事件失敗: 'AnomalyService' object has no attribute 'create_event'
2025-08-08 05:10:16,314 - WARNING - 儲存事件失敗: 'AnomalyService' object has no attribute 'create_event'
2025-08-08 05:10:16,316 - WARNING - 儲存事件失敗: 'AnomalyService' object has no attribute 'create_event'
2025-08-08 05:10:16,317 - WARNING - 儲存事件失敗: 'AnomalyService' object has no attribute 'create_event'
2025-08-08 05:10:16,318 - WARNING - 儲存事件失敗: 'AnomalyService' object has no attribute 'create_event'
2025-08-08 05:10:16,320 - WARNING - 儲存事件失敗: 'AnomalyService' object has no attribute 'create_event'
2025-08-08 05:10:16,322 - WARNING - 儲存事件失敗: 'AnomalyService' object has no attribute 'create_event'
2025-08-08 05:10:16,324 - WARNING - 儲存事件失敗: 'AnomalyService' object has no attribute 'create_event'
2025-08-08 05:10:16,325 - WARNING - 儲存事件失敗: 'AnomalyService' object has no attribute 'create_event'
2025-08-08 05:10:16,327 - WARNING - 儲存事件失敗: 'AnomalyService' object has no attribute 'create_event'
2025-08-08 05:10:16,328 - WARNING - 儲存事件失敗: 'AnomalyService' object has no attribute 'create_event'
2025-08-08 05:10:16,330 - WARNING - 儲存事件失敗: 'AnomalyService' object has no attribute 'create_event'
2025-08-08 05:10:16,331 - WARNING - 儲存事件失敗: 'AnomalyService' object has no attribute 'create_event'
2025-08-08 05:10:16,333 - WARNING - 儲存事件失敗: 'AnomalyService' object has no attribute 'create_event'
2025-08-08 05:10:16,335 - WARNING - 儲存事件失敗: 'AnomalyService' object has no attribute 'create_event'
2025-08-08 05:10:16,336 - WARNING - 儲存事件失敗: 'AnomalyService' object has no attribute 'create_event'
2025-08-08 05:10:16,337 - WARNING - 儲存事件失敗: 'AnomalyService' object has no attribute 'create_event'
2025-08-08 05:10:16,339 - WARNING - 儲存事件失敗: 'AnomalyService' object has no attribute 'create_event'
2025-08-08 05:10:16,340 - WARNING - 儲存事件失敗: 'AnomalyService' object has no attribute 'create_event'
2025-08-08 05:10:16,341 - WARNING - 儲存事件失敗: 'AnomalyService' object has no attribute 'create_event'
2025-08-08 05:10:16,343 - WARNING - 儲存事件失敗: 'AnomalyService' object has no attribute 'create_event'
2025-08-08 05:10:16,344 - WARNING - 儲存事件失敗: 'AnomalyService' object has no attribute 'create_event'
2025-08-08 05:10:16,345 - WARNING - 儲存事件失敗: 'AnomalyService' object has no attribute 'create_event'
2025-08-08 05:10:16,346 - WARNING - 儲存事件失敗: 'AnomalyService' object has no attribute 'create_event'
2025-08-08 05:10:16,348 - WARNING - 儲存事件失敗: 'AnomalyService' object has no attribute 'create_event'
2025-08-08 05:10:16,349 - WARNING - 儲存事件失敗: 'AnomalyService' object has no attribute 'create_event'
2025-08-08 05:10:16,351 - WARNING - 儲存事件失敗: 'AnomalyService' object has no attribute 'create_event'
2025-08-08 05:10:16,352 - WARNING - 儲存事件失敗: 'AnomalyService' object has no attribute 'create_event'
2025-08-08 05:10:16,353 - WARNING - 儲存事件失敗: 'AnomalyService' object has no attribute 'create_event'
2025-08-08 05:10:16,355 - WARNING - 儲存事件失敗: 'AnomalyService' object has no attribute 'create_event'
2025-08-08 05:10:16,356 - WARNING - 儲存事件失敗: 'AnomalyService' object has no attribute 'create_event'
2025-08-08 05:10:16,358 - WARNING - 儲存事件失敗: 'AnomalyService' object has no attribute 'create_event'
2025-08-08 05:10:16,359 - WARNING - 儲存事件失敗: 'AnomalyService' object has no attribute 'create_event'
2025-08-08 05:10:16,360 - WARNING - 儲存事件失敗: 'AnomalyService' object has no attribute 'create_event'
2025-08-08 05:10:16,361 - WARNING - 儲存事件失敗: 'AnomalyService' object has no attribute 'create_event'
2025-08-08 05:10:16,363 - WARNING - 儲存事件失敗: 'AnomalyService' object has no attribute 'create_event'
2025-08-08 05:10:16,364 - WARNING - 儲存事件失敗: 'AnomalyService' object has no attribute 'create_event'
2025-08-08 05:10:16,366 - WARNING - 儲存事件失敗: 'AnomalyService' object has no attribute 'create_event'
2025-08-08 05:10:16,367 - WARNING - 儲存事件失敗: 'AnomalyService' object has no attribute 'create_event'
2025-08-08 05:10:16,368 - WARNING - 儲存事件失敗: 'AnomalyService' object has no attribute 'create_event'
2025-08-08 05:10:16,370 - WARNING - 儲存事件失敗: 'AnomalyService' object has no attribute 'create_event'
2025-08-08 05:10:16,371 - WARNING - 儲存事件失敗: 'AnomalyService' object has no attribute 'create_event'
2025-08-08 05:10:16,373 - WARNING - 儲存事件失敗: 'AnomalyService' object has no attribute 'create_event'
2025-08-08 05:10:16,374 - WARNING - 儲存事件失敗: 'AnomalyService' object has no attribute 'create_event'
2025-08-08 05:10:16,375 - WARNING - 儲存事件失敗: 'AnomalyService' object has no attribute 'create_event'
2025-08-08 05:10:16,377 - WARNING - 儲存事件失敗: 'AnomalyService' object has no attribute 'create_event'
2025-08-08 05:10:16,378 - WARNING - 儲存事件失敗: 'AnomalyService' object has no attribute 'create_event'
2025-08-08 05:10:16,379 - WARNING - 儲存事件失敗: 'AnomalyService' object has no attribute 'create_event'
2025-08-08 05:10:16,381 - WARNING - 儲存事件失敗: 'AnomalyService' object has no attribute 'create_event'
2025-08-08 05:10:16,382 - WARNING - 儲存事件失敗: 'AnomalyService' object has no attribute 'create_event'
2025-08-08 05:10:16,384 - WARNING - 儲存事件失敗: 'AnomalyService' object has no attribute 'create_event'
2025-08-08 05:10:16,385 - WARNING - 儲存事件失敗: 'AnomalyService' object has no attribute 'create_event'
2025-08-08 05:10:16,387 - WARNING - 儲存事件失敗: 'AnomalyService' object has no attribute 'create_event'
2025-08-08 05:10:16,388 - WARNING - 儲存事件失敗: 'AnomalyService' object has no attribute 'create_event'
2025-08-08 05:10:16,389 - WARNING - 儲存事件失敗: 'AnomalyService' object has no attribute 'create_event'
2025-08-08 05:10:16,391 - WARNING - 儲存事件失敗: 'AnomalyService' object has no attribute 'create_event'
2025-08-08 05:10:16,392 - WARNING - 儲存事件失敗: 'AnomalyService' object has no attribute 'create_event'
2025-08-08 05:10:16,393 - WARNING - 儲存事件失敗: 'AnomalyService' object has no attribute 'create_event'
2025-08-08 05:10:16,394 - WARNING - 儲存事件失敗: 'AnomalyService' object has no attribute 'create_event'
2025-08-08 05:10:16,396 - WARNING - 儲存事件失敗: 'AnomalyService' object has no attribute 'create_event'
2025-08-08 05:10:16,397 - WARNING - 儲存事件失敗: 'AnomalyService' object has no attribute 'create_event'
2025-08-08 05:10:16,399 - WARNING - 儲存事件失敗: 'AnomalyService' object has no attribute 'create_event'
2025-08-08 05:10:16,400 - WARNING - 儲存事件失敗: 'AnomalyService' object has no attribute 'create_event'
2025-08-08 05:10:16,401 - WARNING - 儲存事件失敗: 'AnomalyService' object has no attribute 'create_event'
2025-08-08 05:10:16,403 - WARNING - 儲存事件失敗: 'AnomalyService' object has no attribute 'create_event'
2025-08-08 05:10:16,404 - WARNING - 儲存事件失敗: 'AnomalyService' object has no attribute 'create_event'
2025-08-08 05:10:16,406 - WARNING - 儲存事件失敗: 'AnomalyService' object has no attribute 'create_event'
2025-08-08 05:10:16,408 - WARNING - 儲存事件失敗: 'AnomalyService' object has no attribute 'create_event'
2025-08-08 05:10:16,409 - WARNING - 儲存事件失敗: 'AnomalyService' object has no attribute 'create_event'
2025-08-08 05:10:16,410 - WARNING - 儲存事件失敗: 'AnomalyService' object has no attribute 'create_event'
2025-08-08 05:10:16,412 - WARNING - 儲存事件失敗: 'AnomalyService' object has no attribute 'create_event'
2025-08-08 05:10:16,413 - WARNING - 儲存事件失敗: 'AnomalyService' object has no attribute 'create_event'
2025-08-08 05:10:16,414 - WARNING - 儲存事件失敗: 'AnomalyService' object has no attribute 'create_event'
2025-08-08 05:10:16,416 - WARNING - 儲存事件失敗: 'AnomalyService' object has no attribute 'create_event'
2025-08-08 05:10:16,417 - WARNING - 儲存事件失敗: 'AnomalyService' object has no attribute 'create_event'
2025-08-08 05:10:16,419 - WARNING - 儲存事件失敗: 'AnomalyService' object has no attribute 'create_event'
2025-08-08 05:10:16,420 - WARNING - 儲存事件失敗: 'AnomalyService' object has no attribute 'create_event'
2025-08-08 05:10:16,421 - WARNING - 儲存事件失敗: 'AnomalyService' object has no attribute 'create_event'
2025-08-08 05:10:16,423 - WARNING - 儲存事件失敗: 'AnomalyService' object has no attribute 'create_event'
2025-08-08 05:10:16,424 - WARNING - 儲存事件失敗: 'AnomalyService' object has no attribute 'create_event'
2025-08-08 05:10:16,425 - WARNING - 儲存事件失敗: 'AnomalyService' object has no attribute 'create_event'
2025-08-08 05:10:16,427 - WARNING - 儲存事件失敗: 'AnomalyService' object has no attribute 'create_event'
2025-08-08 05:10:16,428 - WARNING - 儲存事件失敗: 'AnomalyService' object has no attribute 'create_event'
2025-08-08 05:10:16,429 - WARNING - 儲存事件失敗: 'AnomalyService' object has no attribute 'create_event'
2025-08-08 05:10:16,431 - WARNING - 儲存事件失敗: 'AnomalyService' object has no attribute 'create_event'
2025-08-08 05:10:16,432 - WARNING - 儲存事件失敗: 'AnomalyService' object has no attribute 'create_event'
2025-08-08 05:10:16,434 - WARNING - 儲存事件失敗: 'AnomalyService' object has no attribute 'create_event'
2025-08-08 05:10:16,435 - WARNING - 儲存事件失敗: 'AnomalyService' object has no attribute 'create_event'
2025-08-08 05:10:16,437 - WARNING - 儲存事件失敗: 'AnomalyService' object has no attribute 'create_event'
2025-08-08 05:10:16,438 - WARNING - 儲存事件失敗: 'AnomalyService' object has no attribute 'create_event'
2025-08-08 05:10:16,440 - WARNING - 儲存事件失敗: 'AnomalyService' object has no attribute 'create_event'
2025-08-08 05:10:16,441 - WARNING - 儲存事件失敗: 'AnomalyService' object has no attribute 'create_event'
2025-08-08 05:10:16,442 - WARNING - 儲存事件失敗: 'AnomalyService' object has no attribute 'create_event'
2025-08-08 05:10:16,444 - WARNING - 儲存事件失敗: 'AnomalyService' object has no attribute 'create_event'
2025-08-08 05:10:16,445 - WARNING - 儲存事件失敗: 'AnomalyService' object has no attribute 'create_event'
2025-08-08 05:10:16,446 - WARNING - 儲存事件失敗: 'AnomalyService' object has no attribute 'create_event'
2025-08-08 05:10:16,448 - WARNING - 儲存事件失敗: 'AnomalyService' object has no attribute 'create_event'
2025-08-08 05:10:16,449 - WARNING - 儲存事件失敗: 'AnomalyService' object has no attribute 'create_event'
2025-08-08 05:10:16,451 - WARNING - 儲存事件失敗: 'AnomalyService' object has no attribute 'create_event'
2025-08-08 05:10:16,452 - WARNING - 儲存事件失敗: 'AnomalyService' object has no attribute 'create_event'
2025-08-08 05:10:16,453 - WARNING - 儲存事件失敗: 'AnomalyService' object has no attribute 'create_event'
2025-08-08 05:10:16,455 - WARNING - 儲存事件失敗: 'AnomalyService' object has no attribute 'create_event'
2025-08-08 05:10:16,456 - WARNING - 儲存事件失敗: 'AnomalyService' object has no attribute 'create_event'
2025-08-08 05:10:16,458 - WARNING - 儲存事件失敗: 'AnomalyService' object has no attribute 'create_event'
2025-08-08 05:10:16,459 - WARNING - 儲存事件失敗: 'AnomalyService' object has no attribute 'create_event'
2025-08-08 05:10:16,461 - WARNING - 儲存事件失敗: 'AnomalyService' object has no attribute 'create_event'
2025-08-08 05:10:16,462 - WARNING - 儲存事件失敗: 'AnomalyService' object has no attribute 'create_event'
2025-08-08 05:10:16,464 - WARNING - 儲存事件失敗: 'AnomalyService' object has no attribute 'create_event'
2025-08-08 05:10:16,465 - WARNING - 儲存事件失敗: 'AnomalyService' object has no attribute 'create_event'
2025-08-08 05:10:16,467 - WARNING - 儲存事件失敗: 'AnomalyService' object has no attribute 'create_event'
2025-08-08 05:10:16,468 - WARNING - 儲存事件失敗: 'AnomalyService' object has no attribute 'create_event'
2025-08-08 05:10:16,470 - WARNING - 儲存事件失敗: 'AnomalyService' object has no attribute 'create_event'
2025-08-08 05:10:16,471 - WARNING - 儲存事件失敗: 'AnomalyService' object has no attribute 'create_event'
2025-08-08 05:10:16,472 - WARNING - 儲存事件失敗: 'AnomalyService' object has no attribute 'create_event'
2025-08-08 05:10:16,474 - WARNING - 儲存事件失敗: 'AnomalyService' object has no attribute 'create_event'
2025-08-08 05:10:16,476 - WARNING - 儲存事件失敗: 'AnomalyService' object has no attribute 'create_event'
2025-08-08 05:10:16,477 - WARNING - 儲存事件失敗: 'AnomalyService' object has no attribute 'create_event'
2025-08-08 05:10:16,479 - WARNING - 儲存事件失敗: 'AnomalyService' object has no attribute 'create_event'
2025-08-08 05:10:16,480 - WARNING - 儲存事件失敗: 'AnomalyService' object has no attribute 'create_event'
2025-08-08 05:10:16,482 - WARNING - 儲存事件失敗: 'AnomalyService' object has no attribute 'create_event'
2025-08-08 05:10:16,483 - WARNING - 儲存事件失敗: 'AnomalyService' object has no attribute 'create_event'
2025-08-08 05:10:16,485 - WARNING - 儲存事件失敗: 'AnomalyService' object has no attribute 'create_event'
2025-08-08 05:10:16,486 - WARNING - 儲存事件失敗: 'AnomalyService' object has no attribute 'create_event'
2025-08-08 05:10:16,487 - WARNING - 儲存事件失敗: 'AnomalyService' object has no attribute 'create_event'
2025-08-08 05:10:16,489 - WARNING - 儲存事件失敗: 'AnomalyService' object has no attribute 'create_event'
2025-08-08 05:10:16,489 - INFO - 候選事件生成完成: 4fa962c5-fbac-42a0-a460-a906b59743f1, 儲存了 0 個事件
2025-08-08 05:10:27,584 - INFO - 開始訓練 uPU 模型: test_upu_model
2025-08-08 05:10:27,585 - INFO - 開始訓練 uPU 模型: test_upu_model
2025-08-08 05:10:27,585 - INFO - 準備組織 test_org 的訓練數據...
2025-08-08 05:10:27,585 - ERROR - 數據準備失敗: 'DatabaseManager' object has no attribute 'get_session'
2025-08-08 05:10:27,585 - ERROR - 模型訓練失敗: 'DatabaseManager' object has no attribute 'get_session'
2025-08-08 05:10:27,585 - ERROR - 模型訓練失敗: 74e83399-3919-4665-a6fe-3c417d97493a, 錯誤: 'DatabaseManager' object has no attribute 'get_session'
2025-08-08 11:18:08,782 - ERROR - Failed to list experiment runs: 'DatabaseManager' object has no attribute 'get_async_session'
2025-08-08 11:19:01,829 - ERROR - Failed to list experiment runs: 'DatabaseManager' object has no attribute 'get_async_session'
2025-08-08 11:19:31,316 - INFO - Creating new experiment run: 測試實驗 1
2025-08-08 11:19:31,497 - ERROR - Failed to create experiment run: (sqlalchemy.dialects.postgresql.asyncpg.IntegrityError) <class 'asyncpg.exceptions.ForeignKeyViolationError'>: insert or update on table "experiment_run" violates foreign key constraint "experiment_run_organizationId_fkey"
DETAIL:  Key (organizationId)=(default-org) is not present in table "organization".
[SQL: 
                INSERT INTO experiment_run (
                    id, name, description, status, "organizationId", "createdAt", "updatedAt"
                ) VALUES (
                    $1, $2, $3, 'CONFIGURING', $4, NOW(), NOW()
                )
            ]
[parameters: ('8f8a08b4-481b-4240-a998-011b207c7618', '測試實驗 1', '第一個測試實驗', 'default-org')]
(Background on this error at: https://sqlalche.me/e/20/gkpj)
2025-08-08 11:22:03,367 - INFO - Creating new experiment run: 測試實驗1
2025-08-08 11:22:03,513 - ERROR - Failed to create experiment run: (sqlalchemy.dialects.postgresql.asyncpg.IntegrityError) <class 'asyncpg.exceptions.ForeignKeyViolationError'>: insert or update on table "experiment_run" violates foreign key constraint "experiment_run_organizationId_fkey"
DETAIL:  Key (organizationId)=(default-org) is not present in table "organization".
[SQL: 
                INSERT INTO experiment_run (
                    id, name, description, status, "organizationId", "createdAt", "updatedAt"
                ) VALUES (
                    $1, $2, $3, 'CONFIGURING', $4, NOW(), NOW()
                )
            ]
[parameters: ('b5addf38-b8ae-48dd-939b-ff5d3bf5ef72', '測試實驗1', '第一個測試實驗', 'default-org')]
(Background on this error at: https://sqlalche.me/e/20/gkpj)
2025-08-08 11:22:08,984 - INFO - Creating new experiment run: 測試實驗1
2025-08-08 11:22:09,115 - ERROR - Failed to create experiment run: (sqlalchemy.dialects.postgresql.asyncpg.IntegrityError) <class 'asyncpg.exceptions.ForeignKeyViolationError'>: insert or update on table "experiment_run" violates foreign key constraint "experiment_run_organizationId_fkey"
DETAIL:  Key (organizationId)=(default-org) is not present in table "organization".
[SQL: 
                INSERT INTO experiment_run (
                    id, name, description, status, "organizationId", "createdAt", "updatedAt"
                ) VALUES (
                    $1, $2, $3, 'CONFIGURING', $4, NOW(), NOW()
                )
            ]
[parameters: ('9fb33b80-f8c3-41dc-b2a7-0ad9536b74ca', '測試實驗1', '第一個測試實驗', 'default-org')]
(Background on this error at: https://sqlalche.me/e/20/gkpj)
2025-08-08 12:19:06,703 - INFO - Creating new experiment run: 測試實驗1
2025-08-08 14:52:05,629 - ERROR - Failed to list experiment runs: (sqlalchemy.dialects.postgresql.asyncpg.Error) <class 'asyncpg.exceptions.ConnectionDoesNotExistError'>: connection was closed in the middle of operation
[SQL: 
                SELECT 
                    id, name, description, status, "candidateCount", 
                    "positiveLabelCount", "negativeLabelCount",
                    "createdAt", "updatedAt"
                FROM experiment_run
                WHERE 1=1
                ORDER BY "createdAt" DESC
                LIMIT $1 OFFSET $2
            ]
[parameters: (50, 0)]
(Background on this error at: https://sqlalche.me/e/20/dbapi)
