nohup: 忽略輸入
/home/infowin/.local/lib/python3.10/site-packages/pydantic/_internal/_fields.py:149: UserWarning: Field "model_type" has conflict with protected namespace "model_".

You may be able to resolve this warning by setting `model_config['protected_namespaces'] = ()`.
  warnings.warn(
/home/infowin/.local/lib/python3.10/site-packages/pydantic/_internal/_fields.py:149: UserWarning: Field "model_params" has conflict with protected namespace "model_".

You may be able to resolve this warning by setting `model_config['protected_namespaces'] = ()`.
  warnings.warn(
INFO:     Started server process [3409221]
INFO:     Waiting for application startup.
INFO:     Application startup complete.
INFO:     Uvicorn running on http://0.0.0.0:8000 (Press CTRL+C to quit)
啟動 AI 學習平台後端服務...
主機: 0.0.0.0
端口: 8000
Cron 任務: 停用
包含模組: 電表管理, AI 訓練, PU Learning, Testbed, Coding Assistant
PostgreSQL 資料表已建立
Cron 任務已停用
INFO:     127.0.0.1:56334 - "POST /api/v1/experiment-runs/bc37eb3c-aff3-4c05-a2ad-6e272887f5b4/candidates/generate?allow_overwrite=true HTTP/1.1" 422 Unprocessable Entity
INFO:     127.0.0.1:56336 - "POST /api/v1/experiment-runs/bc37eb3c-aff3-4c05-a2ad-6e272887f5b4/candidates/generate?allow_overwrite=true HTTP/1.1" 422 Unprocessable Entity
INFO:     127.0.0.1:34064 - "POST /api/v1/experiment-runs/bc37eb3c-aff3-4c05-a2ad-6e272887f5b4/candidates/generate?allow_overwrite=true HTTP/1.1" 422 Unprocessable Entity
INFO:     Shutting down
INFO:     Waiting for application shutdown.
INFO:     Application shutdown complete.
INFO:     Finished server process [3409221]
